make --dry-run --always-make --keep-going --print-directory
make: Entering directory `/Users/vkaron/GUIMP'
make -C libft/ all
make -C libui/ all
mkdir -p obj
gcc  -c src/main.c -o obj/main.o -I libui -I libft -I include -I Frameworks/SDL2.framework/Headers -I Frameworks/SDL2_image.framework/Headers -I Frameworks/SDL2_ttf.framework/Headers -I Frameworks/SDL2_mixer.framework/Headers -F Frameworks/
echo -n '='
mkdir -p obj
gcc  -c src/player.c -o obj/player.o -I libui -I libft -I include -I Frameworks/SDL2.framework/Headers -I Frameworks/SDL2_image.framework/Headers -I Frameworks/SDL2_ttf.framework/Headers -I Frameworks/SDL2_mixer.framework/Headers -F Frameworks/
echo -n '='
mkdir -p obj
gcc  -c src/init.c -o obj/init.o -I libui -I libft -I include -I Frameworks/SDL2.framework/Headers -I Frameworks/SDL2_image.framework/Headers -I Frameworks/SDL2_ttf.framework/Headers -I Frameworks/SDL2_mixer.framework/Headers -F Frameworks/
echo -n '='
mkdir -p obj
gcc  -c src/music.c -o obj/music.o -I libui -I libft -I include -I Frameworks/SDL2.framework/Headers -I Frameworks/SDL2_image.framework/Headers -I Frameworks/SDL2_ttf.framework/Headers -I Frameworks/SDL2_mixer.framework/Headers -F Frameworks/
echo -n '='
mkdir -p obj
gcc  -c src/service_stuff.c -o obj/service_stuff.o -I libui -I libft -I include -I Frameworks/SDL2.framework/Headers -I Frameworks/SDL2_image.framework/Headers -I Frameworks/SDL2_ttf.framework/Headers -I Frameworks/SDL2_mixer.framework/Headers -F Frameworks/
echo -n '='
mkdir -p obj
gcc  -c src/act_sdl.c -o obj/act_sdl.o -I libui -I libft -I include -I Frameworks/SDL2.framework/Headers -I Frameworks/SDL2_image.framework/Headers -I Frameworks/SDL2_ttf.framework/Headers -I Frameworks/SDL2_mixer.framework/Headers -F Frameworks/
echo -n '='

# MAKE COMPLETE #
gcc  -o guimp obj/main.o obj/player.o obj/init.o obj/music.o obj/service_stuff.o obj/act_sdl.o -Llibui -lui -Llibft -lft -lm -lpthread -F ./Frameworks/ -framework SDL2 -framework SDL2_image -framework SDL2_ttf -framework SDL2_mixer -rpath Frameworks/
make: Leaving directory `/Users/vkaron/GUIMP'
 
