make all --print-data-base --no-builtin-variables --no-builtin-rules --question
# GNU Make 3.81
# Copyright (C) 2006  Free Software Foundation, Inc.
# This is free software; see the source for copying conditions.
# There is NO warranty; not even for MERCHANTABILITY or FITNESS FOR A
# PARTICULAR PURPOSE.

# This program built for i386-apple-darwin11.3.0

# Make data base, printed on Fri May 14 18:24:13 2021

# Variables

# automatic
<D = $(patsubst %/,%,$(dir $<))
# automatic
?F = $(notdir $?)
# environment
VSCODE_LOG_NATIVE = false
# automatic
?D = $(patsubst %/,%,$(dir $?))
# automatic
@D = $(patsubst %/,%,$(dir $@))
# automatic
@F = $(notdir $@)
# makefile
CURDIR := /Users/vkaron/GUIMP
# makefile
SHELL = /bin/sh
# environment
VSCODE_NLS_CONFIG = {"locale":"en-us","availableLanguages":{},"_languagePackSupport":true}
# environment
_ = /usr/bin/make
# makefile (from `Makefile', line 1)
MAKEFILE_LIST :=  Makefile
# environment
VSCODE_NODE_CACHED_DATA_DIR = /Users/vkaron/Library/Application Support/Code/CachedData/cfa2e218100323074ac1948c885448fdf4de2a7f
# makefile (from `Makefile', line 52)
H_FIND = -I libui -I libft -I include -I Frameworks/SDL2.framework/Headers -I Frameworks/SDL2_image.framework/Headers -I Frameworks/SDL2_ttf.framework/Headers -I Frameworks/SDL2_mixer.framework/Headers -F Frameworks/
# environment
VSCODE_VERBOSE_LOGGING = true
# environment
VSCODE_IPC_HOOK_EXTHOST = /var/folders/zz/zyxvpxvq6csfxvn_n0001l8m000ct5/T/vscode-ipc-b3223559-217d-4e47-9429-d402041f94b4.sock
# environment
VSCODE_CWD = /
# environment
Apple_PubSub_Socket_Render = /private/tmp/com.apple.launchd.uINDLzJxdE/Render
# environment
PATH = /usr/local/bin:/usr/bin:/bin:/usr/sbin:/sbin:/usr/local/munki
# makefile (from `Makefile', line 15)
PROGRAM_NAME = guimp
# environment
VSCODE_LOG_STACK = false
# environment
ELECTRON_RUN_AS_NODE = 1
# default
.FEATURES := target-specific order-only second-expansion else-if archives jobserver check-symlink
# environment
SSH_AUTH_SOCK = /private/tmp/com.apple.launchd.32zBLH0Yci/Listeners
# makefile (from `Makefile', line 30)
H_FILE = $(H_DIR)/guimp.h
# automatic
%F = $(notdir $%)
# makefile (from `Makefile', line 37)
UNAME_S := Darwin
# environment
VSCODE_PIPE_LOGGING = true
# environment
PWD = /Users/vkaron/GUIMP
# environment
ORIGINAL_XDG_CURRENT_DESKTOP = undefined
# environment
VSCODE_AMD_ENTRYPOINT = vs/workbench/services/extensions/node/extensionHostProcess
# environment
HOME = /Users/vkaron
# default
MAKEFILEPATH := /Applications/Xcode.app/Contents/Developer/Makefiles
# environment
LOGNAME = vkaron
# environment
APPLICATION_INSIGHTS_NO_DIAGNOSTIC_CHANNEL = true
# environment
VSCODE_HANDLES_UNCAUGHT_ERRORS = true
# automatic
^D = $(patsubst %/,%,$(dir $^))
# environment
XPC_FLAGS = 0x0
# default
MAKE = $(MAKE_COMMAND)
# default
MAKECMDGOALS := all
# makefile (from `Makefile', line 68)
ECHO_FLAG = -n
# environment
SHLVL = 1
# default
MAKE_VERSION := 3.81
# environment
USER = vkaron
# makefile
.DEFAULT_GOAL := all
# automatic
%D = $(patsubst %/,%,$(dir $%))
# default
MAKE_COMMAND := /Applications/Xcode.app/Contents/Developer/usr/bin/make
# default
.VARIABLES := 
# environment
TMPDIR = /var/folders/zz/zyxvpxvq6csfxvn_n0001l8m000ct5/T/
# automatic
*F = $(notdir $*)
# environment
VSCODE_IPC_HOOK = /Users/vkaron/Library/Application Support/Code/1.56.0-main.sock
# makefile (from `Makefile', line 24)
O_DIR = obj
# makefile
MAKEFLAGS = Rrqp
# environment
MFLAGS = -Rrqp
# automatic
*D = $(patsubst %/,%,$(dir $*))
# environment
XPC_SERVICE_NAME = com.microsoft.VSCode.1176
# automatic
+D = $(patsubst %/,%,$(dir $+))
# automatic
+F = $(notdir $+)
# environment
__CF_USER_TEXT_ENCODING = 0x3345:0x0:0x0
# default
MAKEFILES := 
# automatic
<F = $(notdir $<)
# makefile (from `Makefile', line 26)
H_DIR = include
# makefile (from `Makefile', line 22)
S_DIR = src
# environment
LC_ALL = C
# makefile (from `Makefile', line 32)
LIBS = -Llibui -lui -Llibft -lft -lm -lpthread
# automatic
^F = $(notdir $^)
# default
SUFFIXES := 
# makefile (from `Makefile', line 61)
FRAME = -F ./Frameworks/ -framework SDL2 -framework SDL2_image -framework SDL2_ttf -framework SDL2_mixer -rpath Frameworks/
# makefile (from `Makefile', line 17)
FLAGS = 
# default
.INCLUDE_DIRS = /usr/local/include
# makefile (from `Makefile', line 28)
O_FILES = $(addprefix $(O_DIR)/, $(addsuffix .o, $(FILES)))
# environment
MAKELEVEL := 0
# environment
LANG = C
# environment
VSCODE_PID = 7319
# makefile (from `Makefile', line 20)
FILES = main player init music service_stuff act_sdl
# variable set hash-table stats:
# Load=74/1024=7%, Rehash=0, Collisions=7/113=6%

# Pattern-specific Variable Values

# No pattern-specific variable values.

# Directories

# . (device 16777227, inode 142047): 14 files, no impossibilities.

# 14 files, no impossibilities in 1 directories.

# Implicit Rules

obj/%.o: src/%.c include/guimp.h
#  commands to execute (from `Makefile', line 83):
	@mkdir -p $(O_DIR)
	@gcc $(FLAGS) -c $< -o $@ $(H_FIND)
	@echo $(ECHO_FLAG) '='
	

# 1 implicit rules, 0 (0.0%) terminal.

# Files

all,:
#  Phony target (prerequisite of .PHONY).
#  Implicit rule search has not been done.
#  File does not exist.
#  File has not been updated.

all: libr guimp
#  Command-line target.
#  Implicit rule search has been done.
#  File does not exist.
#  File has been updated.
#  Needs to be updated (-q is set).
# variable set hash-table stats:
# Load=0/32=0%, Rehash=0, Collisions=0/2=0%

.PHONY: all, clean, fclean, re, libr
#  Implicit rule search has not been done.
#  Modification time never checked.
#  File has not been updated.

# Not a target:
obj/music.o:
#  Implicit rule search has not been done.
#  Modification time never checked.
#  File has not been updated.

# Not a target:
obj/main.o:
#  Implicit rule search has not been done.
#  Modification time never checked.
#  File has not been updated.

# Not a target:
.SUFFIXES:
#  Implicit rule search has not been done.
#  Modification time never checked.
#  File has not been updated.

# Not a target:
Makefile:
#  Implicit rule search has been done.
#  Last modified 2021-05-14 18:23:03
#  File has been updated.
#  Successfully updated.
# variable set hash-table stats:
# Load=0/32=0%, Rehash=0, Collisions=0/0=0%

fclean,:
#  Phony target (prerequisite of .PHONY).
#  Implicit rule search has not been done.
#  File does not exist.
#  File has not been updated.

# Not a target:
obj/player.o:
#  Implicit rule search has not been done.
#  Modification time never checked.
#  File has not been updated.

fclean: clean
#  Implicit rule search has not been done.
#  Modification time never checked.
#  File has not been updated.
#  commands to execute (from `Makefile', line 93):
	make -C libft/ fclean
	make -C libui/ fclean
	rm -f $(PROGRAM_NAME)
	

# Not a target:
obj/act_sdl.o:
#  Implicit rule search has not been done.
#  Modification time never checked.
#  File has not been updated.

# Not a target:
.DEFAULT:
#  Implicit rule search has not been done.
#  Modification time never checked.
#  File has not been updated.

re,:
#  Phony target (prerequisite of .PHONY).
#  Implicit rule search has not been done.
#  File does not exist.
#  File has not been updated.

clean,:
#  Phony target (prerequisite of .PHONY).
#  Implicit rule search has not been done.
#  File does not exist.
#  File has not been updated.

re: fclean all
#  Implicit rule search has not been done.
#  Modification time never checked.
#  File has not been updated.

clean:
#  Implicit rule search has not been done.
#  Modification time never checked.
#  File has not been updated.
#  commands to execute (from `Makefile', line 88):
	make -C libft/ clean
	make -C libui/ clean
	rm -rf $(O_DIR)
	

# Not a target:
obj/init.o:
#  Implicit rule search has not been done.
#  Modification time never checked.
#  File has not been updated.

# Not a target:
obj/service_stuff.o:
#  Implicit rule search has not been done.
#  Modification time never checked.
#  File has not been updated.

libr:
#  Phony target (prerequisite of .PHONY).
#  Implicit rule search has not been done.
#  Implicit/static pattern stem: `'
#  File does not exist.
#  File has been updated.
#  Needs to be updated (-q is set).
# automatic
# @ := libr
# automatic
# % := 
# automatic
# * := 
# automatic
 
# + := 
# automatic
# | := 
# automatic
# < := 
# automatic
# ^ := 
# automatic
# ? := 
# variable set hash-table stats:
# Load=8/32=25%, Rehash=0, Collisions=1/10=10%
#  commands to execute (from `Makefile', line 74):
	@make -C libft/ all
	@make -C libui/ all
	

guimp: obj/main.o obj/player.o obj/init.o obj/music.o obj/service_stuff.o obj/act_sdl.o
#  Implicit rule search has not been done.
#  Modification time never checked.
#  File has not been updated.
#  commands to execute (from `Makefile', line 78):
	@gcc $(FLAGS) -o $@ $^ $(LIBS) $(FRAME)
	$(info  )
	$(info # MAKE COMPLETE #)
	

# files hash-table stats:
# Load=20/1024=2%, Rehash=0, Collisions=0/50=0%
# VPATH Search Paths

# No `vpath' search paths.

# No general (`VPATH' variable) search path.

# # of strings in strcache: 1
# # of strcache buffers: 1
# strcache size: total = 4096 / max = 4096 / min = 4096 / avg = 4096
# strcache free: total = 4087 / max = 4087 / min = 4087 / avg = 4087

# Finished Make data base on Fri May 14 18:24:13 2021

 
